{"C:\\Repos\\Projects\\rubiks\\src\\lib\\arrayUtils.ts": {"path":"C:\\Repos\\Projects\\rubiks\\src\\lib\\arrayUtils.ts","statementMap":{"0":{"start":{"line":1,"column":0},"end":{"line":1,"column":55}},"1":{"start":{"line":4,"column":46},"end":{"line":10,"column":1}},"2":{"start":{"line":5,"column":4},"end":{"line":7,"column":null}},"3":{"start":{"line":6,"column":8},"end":{"line":6,"column":142}},"4":{"start":{"line":9,"column":4},"end":{"line":9,"column":null}},"5":{"start":{"line":4,"column":13},"end":{"line":4,"column":46}},"6":{"start":{"line":12,"column":41},"end":{"line":16,"column":1}},"7":{"start":{"line":13,"column":23},"end":{"line":13,"column":139}},"8":{"start":{"line":13,"column":78},"end":{"line":13,"column":139}},"9":{"start":{"line":13,"column":124},"end":{"line":13,"column":138}},"10":{"start":{"line":15,"column":4},"end":{"line":15,"column":143}},"11":{"start":{"line":15,"column":103},"end":{"line":15,"column":117}},"12":{"start":{"line":12,"column":13},"end":{"line":12,"column":41}}},"fnMap":{"0":{"name":"(anonymous_1)","decl":{"start":{"line":4,"column":46},"end":{"line":4,"column":47}},"loc":{"start":{"line":4,"column":197},"end":{"line":10,"column":1}}},"1":{"name":"(anonymous_2)","decl":{"start":{"line":5,"column":22},"end":{"line":5,"column":23}},"loc":{"start":{"line":5,"column":35},"end":{"line":7,"column":5}}},"2":{"name":"(anonymous_3)","decl":{"start":{"line":12,"column":41},"end":{"line":12,"column":42}},"loc":{"start":{"line":12,"column":91},"end":{"line":16,"column":1}}},"3":{"name":"(anonymous_4)","decl":{"start":{"line":13,"column":49},"end":{"line":13,"column":50}},"loc":{"start":{"line":13,"column":73},"end":{"line":13,"column":96}}},"4":{"name":"(anonymous_5)","decl":{"start":{"line":13,"column":101},"end":{"line":13,"column":102}},"loc":{"start":{"line":13,"column":119},"end":{"line":13,"column":127}}},"5":{"name":"(anonymous_6)","decl":{"start":{"line":15,"column":80},"end":{"line":15,"column":81}},"loc":{"start":{"line":15,"column":98},"end":{"line":15,"column":106}}}},"branchMap":{"0":{"loc":{"start":{"line":15,"column":11},"end":{"line":15,"column":142}},"type":"cond-expr","locations":[{"start":{"line":15,"column":48},"end":{"line":15,"column":117}},{"start":{"line":15,"column":120},"end":{"line":15,"column":142}}]}},"s":{"0":1,"1":1,"2":2,"3":2,"4":2,"5":1,"6":1,"7":2,"8":6,"9":18,"10":2,"11":3,"12":1},"f":{"0":2,"1":2,"2":2,"3":6,"4":18,"5":3},"b":{"0":[1,1]}}
}
